// 重构日志: a0a97e4a
// 重构日志: 42bc2a06
// 重构日志: ea7ccb2d
// 同步 ID: 85ee5b4d @ Wed Jun 10 09:42:33 UTC 2026
// 同步 ID: 90f0d827 @ Thu Jun 11 10:16:48 UTC 2026
// 重构日志: 9da841af
// 重构日志: b170c7c6
// 重构日志: 1a4edfa0
// 重构日志: 52e9b9e2
// 重构日志: 6147c71b
// 同步 ID: 27b08e70 @ Sun Jun 21 11:41:46 UTC 2026
// 同步 ID: f795b6b5 @ Sun Jun 21 14:05:56 UTC 2026
// 重构日志: e042c455
// 重构日志: af5126d3
// 重构日志: 916aee6b
// 重构日志: 92a0e86e
// 重构日志: d521d33a
// 重构日志: fd782ddb
// 同步 ID: 0892fcb9 @ Sat Jun 27 10:59:36 UTC 2026
// 重构日志: ee5042ce
// 重构日志: f138c04e
// 同步 ID: 3288ca91 @ Mon Jun 29 22:01:18 UTC 2026
// 重构日志: d490885f
// 重构日志: bfc7441d
// 同步 ID: df9edf60 @ Wed Jul  1 11:31:43 UTC 2026
// 重构日志: 76c4156f
// 同步 ID: 5c9afb17 @ Fri Jul  3 05:33:22 UTC 2026
// 同步 ID: 0983a04c @ Sat Jul  4 01:37:18 UTC 2026
// 重构日志: 921aa87e
// 同步 ID: 3f925655 @ Sat Jul  4 09:02:20 UTC 2026
